<?xml version="1.0" encoding="UTF-8"?>
<!-- Generated by org.testng.reporters.JUnitXMLReporter -->
<testsuite hostname="EN911371" ignored="0" name="Test-method test" tests="3" failures="0" timestamp="2020-09-02T22:23:11 COT" time="29.144" errors="0">
  <testcase name="addToBasket" time="6.278" classname="com.endava.tests.BasketTest"/>
  <testcase name="applyFilter" time="6.835" classname="com.endava.tests.SearchProductTest"/>
  <testcase name="setPrices" time="6.611" classname="com.endava.tests.SearchProductTest"/>
</testsuite> <!-- Test-method test -->
