<?xml version="1.0" encoding="UTF-8"?>
<!-- Generated by org.testng.reporters.JUnitReportReporter -->
<testsuite skipped="0" hostname="EN911371" name="com.endava.tests.BasketTest" tests="1" failures="0" timestamp="2020-09-02T22:23:11 COT" time="14.324" errors="0">
  <testcase name="addToBasket" time="14.324" classname="com.endava.tests.BasketTest"/>
  <system-out/>
</testsuite> <!-- com.endava.tests.BasketTest -->
