<?xml version="1.0" encoding="UTF-8"?>
<!-- Generated by org.testng.reporters.JUnitReportReporter -->
<testsuite skipped="0" hostname="EN911371" name="com.endava.tests.SearchProductTest" tests="2" failures="0" timestamp="2020-09-02T22:23:11 COT" time="29.111" errors="0">
  <testcase name="setPrices" time="13.445" classname="com.endava.tests.SearchProductTest"/>
  <system-out/>
  <testcase name="applyFilter" time="15.666" classname="com.endava.tests.SearchProductTest"/>
  <system-out/>
</testsuite> <!-- com.endava.tests.SearchProductTest -->
